<?xml version="1.0" encoding="UTF-8"?>
<testsuite xmlns:xsi="http://www.w3.org/2001/XMLSchema-instance" xsi:noNamespaceSchemaLocation="https://maven.apache.org/surefire/maven-surefire-plugin/xsd/surefire-test-report-3.0.xsd" version="3.0" name="TestSuite" time="220.609" tests="9" errors="0" skipped="0" failures="5">
  <properties>
    <property name="awt.toolkit" value="sun.lwawt.macosx.LWCToolkit"/>
    <property name="java.specification.version" value="12"/>
    <property name="sun.jnu.encoding" value="UTF-8"/>
    <property name="java.class.path" value="/Users/jyotisaxena/Documents/code/workspace/AppliHackathon/Hackathon/target/test-classes:/Users/jyotisaxena/Documents/code/workspace/AppliHackathon/Hackathon/target/classes:/Users/jyotisaxena/.m2/repository/org/hamcrest/hamcrest-all/1.3/hamcrest-all-1.3.jar:/Users/jyotisaxena/.m2/repository/commons-lang/commons-lang/2.6/commons-lang-2.6.jar:/Users/jyotisaxena/.m2/repository/com/google/code/gson/gson/2.2.4/gson-2.2.4.jar:/Users/jyotisaxena/.m2/repository/org/testng/testng/7.0.0/testng-7.0.0.jar:/Users/jyotisaxena/.m2/repository/com/beust/jcommander/1.72/jcommander-1.72.jar:/Users/jyotisaxena/.m2/repository/io/qameta/allure/allure-testng/2.13.0/allure-testng-2.13.0.jar:/Users/jyotisaxena/.m2/repository/io/qameta/allure/allure-java-commons/2.13.0/allure-java-commons-2.13.0.jar:/Users/jyotisaxena/.m2/repository/io/qameta/allure/allure-model/2.13.0/allure-model-2.13.0.jar:/Users/jyotisaxena/.m2/repository/org/slf4j/slf4j-api/1.7.25/slf4j-api-1.7.25.jar:/Users/jyotisaxena/.m2/repository/com/fasterxml/jackson/core/jackson-databind/2.9.8/jackson-databind-2.9.8.jar:/Users/jyotisaxena/.m2/repository/com/fasterxml/jackson/core/jackson-annotations/2.9.0/jackson-annotations-2.9.0.jar:/Users/jyotisaxena/.m2/repository/com/fasterxml/jackson/core/jackson-core/2.9.8/jackson-core-2.9.8.jar:/Users/jyotisaxena/.m2/repository/org/apache/tika/tika-core/1.20/tika-core-1.20.jar:/Users/jyotisaxena/.m2/repository/org/jooq/joor-java-8/0.9.10/joor-java-8-0.9.10.jar:/Users/jyotisaxena/.m2/repository/com/google/guava/guava/28.1-jre/guava-28.1-jre.jar:/Users/jyotisaxena/.m2/repository/com/google/guava/failureaccess/1.0.1/failureaccess-1.0.1.jar:/Users/jyotisaxena/.m2/repository/com/google/guava/listenablefuture/9999.0-empty-to-avoid-conflict-with-guava/listenablefuture-9999.0-empty-to-avoid-conflict-with-guava.jar:/Users/jyotisaxena/.m2/repository/com/google/code/findbugs/jsr305/3.0.2/jsr305-3.0.2.jar:/Users/jyotisaxena/.m2/repository/org/checkerframework/checker-qual/2.8.1/checker-qual-2.8.1.jar:/Users/jyotisaxena/.m2/repository/com/google/errorprone/error_prone_annotations/2.3.2/error_prone_annotations-2.3.2.jar:/Users/jyotisaxena/.m2/repository/com/google/j2objc/j2objc-annotations/1.3/j2objc-annotations-1.3.jar:/Users/jyotisaxena/.m2/repository/org/codehaus/mojo/animal-sniffer-annotations/1.18/animal-sniffer-annotations-1.18.jar:/Users/jyotisaxena/.m2/repository/commons-io/commons-io/1.3.2/commons-io-1.3.2.jar:/Users/jyotisaxena/.m2/repository/com/applitools/eyes-selenium-java3/3.158.8/eyes-selenium-java3-3.158.8.jar:/Users/jyotisaxena/.m2/repository/com/applitools/eyes-common-java3/3.158.8/eyes-common-java3-3.158.8.jar:/Users/jyotisaxena/.m2/repository/org/imgscalr/imgscalr-lib/4.2/imgscalr-lib-4.2.jar:/Users/jyotisaxena/.m2/repository/commons-codec/commons-codec/1.10/commons-codec-1.10.jar:/Users/jyotisaxena/.m2/repository/org/apache/commons/commons-lang3/3.8.1/commons-lang3-3.8.1.jar:/Users/jyotisaxena/.m2/repository/org/brotli/dec/0.1.1/dec-0.1.1.jar:/Users/jyotisaxena/.m2/repository/org/jsoup/jsoup/1.8.3/jsoup-1.8.3.jar:/Users/jyotisaxena/.m2/repository/com/applitools/eyes-sdk-core-java3/3.158.8/eyes-sdk-core-java3-3.158.8.jar:/Users/jyotisaxena/.m2/repository/com/applitools/eyes-connectivity-java3-jersey2x/3.158.8/eyes-connectivity-java3-jersey2x-3.158.8.jar:/Users/jyotisaxena/.m2/repository/org/glassfish/jersey/connectors/jersey-apache-connector/2.29/jersey-apache-connector-2.29.jar:/Users/jyotisaxena/.m2/repository/org/glassfish/jersey/core/jersey-common/2.29/jersey-common-2.29.jar:/Users/jyotisaxena/.m2/repository/jakarta/annotation/jakarta.annotation-api/1.3.4/jakarta.annotation-api-1.3.4.jar:/Users/jyotisaxena/.m2/repository/org/glassfish/hk2/osgi-resource-locator/1.0.3/osgi-resource-locator-1.0.3.jar:/Users/jyotisaxena/.m2/repository/com/sun/activation/jakarta.activation/1.2.1/jakarta.activation-1.2.1.jar:/Users/jyotisaxena/.m2/repository/jakarta/ws/rs/jakarta.ws.rs-api/2.1.5/jakarta.ws.rs-api-2.1.5.jar:/Users/jyotisaxena/.m2/repository/org/glassfish/jersey/core/jersey-client/2.29/jersey-client-2.29.jar:/Users/jyotisaxena/.m2/repository/org/glassfish/hk2/external/jakarta.inject/2.5.0/jakarta.inject-2.5.0.jar:/Users/jyotisaxena/.m2/repository/org/glassfish/jersey/inject/jersey-hk2/2.29/jersey-hk2-2.29.jar:/Users/jyotisaxena/.m2/repository/org/glassfish/hk2/hk2-locator/2.5.0/hk2-locator-2.5.0.jar:/Users/jyotisaxena/.m2/repository/org/glassfish/hk2/external/aopalliance-repackaged/2.5.0/aopalliance-repackaged-2.5.0.jar:/Users/jyotisaxena/.m2/repository/org/glassfish/hk2/hk2-api/2.5.0/hk2-api-2.5.0.jar:/Users/jyotisaxena/.m2/repository/org/glassfish/hk2/hk2-utils/2.5.0/hk2-utils-2.5.0.jar:/Users/jyotisaxena/.m2/repository/org/javassist/javassist/3.22.0-CR2/javassist-3.22.0-CR2.jar:/Users/jyotisaxena/.m2/repository/org/seleniumhq/selenium/selenium-java/3.141.59/selenium-java-3.141.59.jar:/Users/jyotisaxena/.m2/repository/org/seleniumhq/selenium/selenium-api/3.141.59/selenium-api-3.141.59.jar:/Users/jyotisaxena/.m2/repository/org/seleniumhq/selenium/selenium-chrome-driver/3.141.59/selenium-chrome-driver-3.141.59.jar:/Users/jyotisaxena/.m2/repository/org/seleniumhq/selenium/selenium-edge-driver/3.141.59/selenium-edge-driver-3.141.59.jar:/Users/jyotisaxena/.m2/repository/org/seleniumhq/selenium/selenium-firefox-driver/3.141.59/selenium-firefox-driver-3.141.59.jar:/Users/jyotisaxena/.m2/repository/org/seleniumhq/selenium/selenium-ie-driver/3.141.59/selenium-ie-driver-3.141.59.jar:/Users/jyotisaxena/.m2/repository/org/seleniumhq/selenium/selenium-opera-driver/3.141.59/selenium-opera-driver-3.141.59.jar:/Users/jyotisaxena/.m2/repository/org/seleniumhq/selenium/selenium-remote-driver/3.141.59/selenium-remote-driver-3.141.59.jar:/Users/jyotisaxena/.m2/repository/org/seleniumhq/selenium/selenium-safari-driver/3.141.59/selenium-safari-driver-3.141.59.jar:/Users/jyotisaxena/.m2/repository/org/seleniumhq/selenium/selenium-support/3.141.59/selenium-support-3.141.59.jar:/Users/jyotisaxena/.m2/repository/net/bytebuddy/byte-buddy/1.8.15/byte-buddy-1.8.15.jar:/Users/jyotisaxena/.m2/repository/org/apache/commons/commons-exec/1.3/commons-exec-1.3.jar:/Users/jyotisaxena/.m2/repository/com/squareup/okhttp3/okhttp/3.11.0/okhttp-3.11.0.jar:/Users/jyotisaxena/.m2/repository/com/squareup/okio/okio/1.14.0/okio-1.14.0.jar:/Users/jyotisaxena/.m2/repository/io/appium/java-client/7.0.0/java-client-7.0.0.jar:/Users/jyotisaxena/.m2/repository/org/apache/httpcomponents/httpclient/4.5.6/httpclient-4.5.6.jar:/Users/jyotisaxena/.m2/repository/org/apache/httpcomponents/httpcore/4.4.10/httpcore-4.4.10.jar:/Users/jyotisaxena/.m2/repository/commons-logging/commons-logging/1.2/commons-logging-1.2.jar:/Users/jyotisaxena/.m2/repository/cglib/cglib/3.2.8/cglib-3.2.8.jar:/Users/jyotisaxena/.m2/repository/org/ow2/asm/asm/6.2.1/asm-6.2.1.jar:/Users/jyotisaxena/.m2/repository/org/apache/ant/ant/1.10.3/ant-1.10.3.jar:/Users/jyotisaxena/.m2/repository/org/apache/ant/ant-launcher/1.10.3/ant-launcher-1.10.3.jar:/Users/jyotisaxena/.m2/repository/commons-validator/commons-validator/1.6/commons-validator-1.6.jar:/Users/jyotisaxena/.m2/repository/commons-beanutils/commons-beanutils/1.9.2/commons-beanutils-1.9.2.jar:/Users/jyotisaxena/.m2/repository/commons-digester/commons-digester/1.8.1/commons-digester-1.8.1.jar:/Users/jyotisaxena/.m2/repository/commons-collections/commons-collections/3.2.2/commons-collections-3.2.2.jar:/Users/jyotisaxena/.m2/repository/org/springframework/spring-context/5.1.0.RELEASE/spring-context-5.1.0.RELEASE.jar:/Users/jyotisaxena/.m2/repository/org/springframework/spring-aop/5.1.0.RELEASE/spring-aop-5.1.0.RELEASE.jar:/Users/jyotisaxena/.m2/repository/org/springframework/spring-beans/5.1.0.RELEASE/spring-beans-5.1.0.RELEASE.jar:/Users/jyotisaxena/.m2/repository/org/springframework/spring-core/5.1.0.RELEASE/spring-core-5.1.0.RELEASE.jar:/Users/jyotisaxena/.m2/repository/org/springframework/spring-jcl/5.1.0.RELEASE/spring-jcl-5.1.0.RELEASE.jar:/Users/jyotisaxena/.m2/repository/org/springframework/spring-expression/5.1.0.RELEASE/spring-expression-5.1.0.RELEASE.jar:/Users/jyotisaxena/.m2/repository/org/aspectj/aspectjweaver/1.9.1/aspectjweaver-1.9.1.jar:/Users/jyotisaxena/.m2/repository/com/helger/ph-css/6.1.1/ph-css-6.1.1.jar:/Users/jyotisaxena/.m2/repository/com/helger/ph-commons/9.0.2/ph-commons-9.0.2.jar:/Users/jyotisaxena/.m2/repository/javax/activation/activation/1.1.1/activation-1.1.1.jar:"/>
    <property name="java.vm.vendor" value="Oracle Corporation"/>
    <property name="sun.arch.data.model" value="64"/>
    <property name="java.vendor.url" value="https://java.oracle.com/"/>
    <property name="os.name" value="Mac OS X"/>
    <property name="java.vm.specification.version" value="12"/>
    <property name="sun.java.launcher" value="SUN_STANDARD"/>
    <property name="user.country" value="GB"/>
    <property name="sun.boot.library.path" value="/Library/Java/JavaVirtualMachines/jdk-12.0.2.jdk/Contents/Home/lib"/>
    <property name="sun.java.command" value="/Users/jyotisaxena/Documents/code/workspace/AppliHackathon/Hackathon/target/surefire/surefirebooter10841494295295708518.jar /Users/jyotisaxena/Documents/code/workspace/AppliHackathon/Hackathon/target/surefire 2019-11-24T20-49-29_002-jvmRun1 surefire16957801585679270375tmp surefire_013240612601063667627tmp"/>
    <property name="http.nonProxyHosts" value="local|*.local|169.254/16|*.169.254/16"/>
    <property name="jdk.debug" value="release"/>
    <property name="surefire.test.class.path" value="/Users/jyotisaxena/Documents/code/workspace/AppliHackathon/Hackathon/target/test-classes:/Users/jyotisaxena/Documents/code/workspace/AppliHackathon/Hackathon/target/classes:/Users/jyotisaxena/.m2/repository/org/hamcrest/hamcrest-all/1.3/hamcrest-all-1.3.jar:/Users/jyotisaxena/.m2/repository/commons-lang/commons-lang/2.6/commons-lang-2.6.jar:/Users/jyotisaxena/.m2/repository/com/google/code/gson/gson/2.2.4/gson-2.2.4.jar:/Users/jyotisaxena/.m2/repository/org/testng/testng/7.0.0/testng-7.0.0.jar:/Users/jyotisaxena/.m2/repository/com/beust/jcommander/1.72/jcommander-1.72.jar:/Users/jyotisaxena/.m2/repository/io/qameta/allure/allure-testng/2.13.0/allure-testng-2.13.0.jar:/Users/jyotisaxena/.m2/repository/io/qameta/allure/allure-java-commons/2.13.0/allure-java-commons-2.13.0.jar:/Users/jyotisaxena/.m2/repository/io/qameta/allure/allure-model/2.13.0/allure-model-2.13.0.jar:/Users/jyotisaxena/.m2/repository/org/slf4j/slf4j-api/1.7.25/slf4j-api-1.7.25.jar:/Users/jyotisaxena/.m2/repository/com/fasterxml/jackson/core/jackson-databind/2.9.8/jackson-databind-2.9.8.jar:/Users/jyotisaxena/.m2/repository/com/fasterxml/jackson/core/jackson-annotations/2.9.0/jackson-annotations-2.9.0.jar:/Users/jyotisaxena/.m2/repository/com/fasterxml/jackson/core/jackson-core/2.9.8/jackson-core-2.9.8.jar:/Users/jyotisaxena/.m2/repository/org/apache/tika/tika-core/1.20/tika-core-1.20.jar:/Users/jyotisaxena/.m2/repository/org/jooq/joor-java-8/0.9.10/joor-java-8-0.9.10.jar:/Users/jyotisaxena/.m2/repository/com/google/guava/guava/28.1-jre/guava-28.1-jre.jar:/Users/jyotisaxena/.m2/repository/com/google/guava/failureaccess/1.0.1/failureaccess-1.0.1.jar:/Users/jyotisaxena/.m2/repository/com/google/guava/listenablefuture/9999.0-empty-to-avoid-conflict-with-guava/listenablefuture-9999.0-empty-to-avoid-conflict-with-guava.jar:/Users/jyotisaxena/.m2/repository/com/google/code/findbugs/jsr305/3.0.2/jsr305-3.0.2.jar:/Users/jyotisaxena/.m2/repository/org/checkerframework/checker-qual/2.8.1/checker-qual-2.8.1.jar:/Users/jyotisaxena/.m2/repository/com/google/errorprone/error_prone_annotations/2.3.2/error_prone_annotations-2.3.2.jar:/Users/jyotisaxena/.m2/repository/com/google/j2objc/j2objc-annotations/1.3/j2objc-annotations-1.3.jar:/Users/jyotisaxena/.m2/repository/org/codehaus/mojo/animal-sniffer-annotations/1.18/animal-sniffer-annotations-1.18.jar:/Users/jyotisaxena/.m2/repository/commons-io/commons-io/1.3.2/commons-io-1.3.2.jar:/Users/jyotisaxena/.m2/repository/com/applitools/eyes-selenium-java3/3.158.8/eyes-selenium-java3-3.158.8.jar:/Users/jyotisaxena/.m2/repository/com/applitools/eyes-common-java3/3.158.8/eyes-common-java3-3.158.8.jar:/Users/jyotisaxena/.m2/repository/org/imgscalr/imgscalr-lib/4.2/imgscalr-lib-4.2.jar:/Users/jyotisaxena/.m2/repository/commons-codec/commons-codec/1.10/commons-codec-1.10.jar:/Users/jyotisaxena/.m2/repository/org/apache/commons/commons-lang3/3.8.1/commons-lang3-3.8.1.jar:/Users/jyotisaxena/.m2/repository/org/brotli/dec/0.1.1/dec-0.1.1.jar:/Users/jyotisaxena/.m2/repository/org/jsoup/jsoup/1.8.3/jsoup-1.8.3.jar:/Users/jyotisaxena/.m2/repository/com/applitools/eyes-sdk-core-java3/3.158.8/eyes-sdk-core-java3-3.158.8.jar:/Users/jyotisaxena/.m2/repository/com/applitools/eyes-connectivity-java3-jersey2x/3.158.8/eyes-connectivity-java3-jersey2x-3.158.8.jar:/Users/jyotisaxena/.m2/repository/org/glassfish/jersey/connectors/jersey-apache-connector/2.29/jersey-apache-connector-2.29.jar:/Users/jyotisaxena/.m2/repository/org/glassfish/jersey/core/jersey-common/2.29/jersey-common-2.29.jar:/Users/jyotisaxena/.m2/repository/jakarta/annotation/jakarta.annotation-api/1.3.4/jakarta.annotation-api-1.3.4.jar:/Users/jyotisaxena/.m2/repository/org/glassfish/hk2/osgi-resource-locator/1.0.3/osgi-resource-locator-1.0.3.jar:/Users/jyotisaxena/.m2/repository/com/sun/activation/jakarta.activation/1.2.1/jakarta.activation-1.2.1.jar:/Users/jyotisaxena/.m2/repository/jakarta/ws/rs/jakarta.ws.rs-api/2.1.5/jakarta.ws.rs-api-2.1.5.jar:/Users/jyotisaxena/.m2/repository/org/glassfish/jersey/core/jersey-client/2.29/jersey-client-2.29.jar:/Users/jyotisaxena/.m2/repository/org/glassfish/hk2/external/jakarta.inject/2.5.0/jakarta.inject-2.5.0.jar:/Users/jyotisaxena/.m2/repository/org/glassfish/jersey/inject/jersey-hk2/2.29/jersey-hk2-2.29.jar:/Users/jyotisaxena/.m2/repository/org/glassfish/hk2/hk2-locator/2.5.0/hk2-locator-2.5.0.jar:/Users/jyotisaxena/.m2/repository/org/glassfish/hk2/external/aopalliance-repackaged/2.5.0/aopalliance-repackaged-2.5.0.jar:/Users/jyotisaxena/.m2/repository/org/glassfish/hk2/hk2-api/2.5.0/hk2-api-2.5.0.jar:/Users/jyotisaxena/.m2/repository/org/glassfish/hk2/hk2-utils/2.5.0/hk2-utils-2.5.0.jar:/Users/jyotisaxena/.m2/repository/org/javassist/javassist/3.22.0-CR2/javassist-3.22.0-CR2.jar:/Users/jyotisaxena/.m2/repository/org/seleniumhq/selenium/selenium-java/3.141.59/selenium-java-3.141.59.jar:/Users/jyotisaxena/.m2/repository/org/seleniumhq/selenium/selenium-api/3.141.59/selenium-api-3.141.59.jar:/Users/jyotisaxena/.m2/repository/org/seleniumhq/selenium/selenium-chrome-driver/3.141.59/selenium-chrome-driver-3.141.59.jar:/Users/jyotisaxena/.m2/repository/org/seleniumhq/selenium/selenium-edge-driver/3.141.59/selenium-edge-driver-3.141.59.jar:/Users/jyotisaxena/.m2/repository/org/seleniumhq/selenium/selenium-firefox-driver/3.141.59/selenium-firefox-driver-3.141.59.jar:/Users/jyotisaxena/.m2/repository/org/seleniumhq/selenium/selenium-ie-driver/3.141.59/selenium-ie-driver-3.141.59.jar:/Users/jyotisaxena/.m2/repository/org/seleniumhq/selenium/selenium-opera-driver/3.141.59/selenium-opera-driver-3.141.59.jar:/Users/jyotisaxena/.m2/repository/org/seleniumhq/selenium/selenium-remote-driver/3.141.59/selenium-remote-driver-3.141.59.jar:/Users/jyotisaxena/.m2/repository/org/seleniumhq/selenium/selenium-safari-driver/3.141.59/selenium-safari-driver-3.141.59.jar:/Users/jyotisaxena/.m2/repository/org/seleniumhq/selenium/selenium-support/3.141.59/selenium-support-3.141.59.jar:/Users/jyotisaxena/.m2/repository/net/bytebuddy/byte-buddy/1.8.15/byte-buddy-1.8.15.jar:/Users/jyotisaxena/.m2/repository/org/apache/commons/commons-exec/1.3/commons-exec-1.3.jar:/Users/jyotisaxena/.m2/repository/com/squareup/okhttp3/okhttp/3.11.0/okhttp-3.11.0.jar:/Users/jyotisaxena/.m2/repository/com/squareup/okio/okio/1.14.0/okio-1.14.0.jar:/Users/jyotisaxena/.m2/repository/io/appium/java-client/7.0.0/java-client-7.0.0.jar:/Users/jyotisaxena/.m2/repository/org/apache/httpcomponents/httpclient/4.5.6/httpclient-4.5.6.jar:/Users/jyotisaxena/.m2/repository/org/apache/httpcomponents/httpcore/4.4.10/httpcore-4.4.10.jar:/Users/jyotisaxena/.m2/repository/commons-logging/commons-logging/1.2/commons-logging-1.2.jar:/Users/jyotisaxena/.m2/repository/cglib/cglib/3.2.8/cglib-3.2.8.jar:/Users/jyotisaxena/.m2/repository/org/ow2/asm/asm/6.2.1/asm-6.2.1.jar:/Users/jyotisaxena/.m2/repository/org/apache/ant/ant/1.10.3/ant-1.10.3.jar:/Users/jyotisaxena/.m2/repository/org/apache/ant/ant-launcher/1.10.3/ant-launcher-1.10.3.jar:/Users/jyotisaxena/.m2/repository/commons-validator/commons-validator/1.6/commons-validator-1.6.jar:/Users/jyotisaxena/.m2/repository/commons-beanutils/commons-beanutils/1.9.2/commons-beanutils-1.9.2.jar:/Users/jyotisaxena/.m2/repository/commons-digester/commons-digester/1.8.1/commons-digester-1.8.1.jar:/Users/jyotisaxena/.m2/repository/commons-collections/commons-collections/3.2.2/commons-collections-3.2.2.jar:/Users/jyotisaxena/.m2/repository/org/springframework/spring-context/5.1.0.RELEASE/spring-context-5.1.0.RELEASE.jar:/Users/jyotisaxena/.m2/repository/org/springframework/spring-aop/5.1.0.RELEASE/spring-aop-5.1.0.RELEASE.jar:/Users/jyotisaxena/.m2/repository/org/springframework/spring-beans/5.1.0.RELEASE/spring-beans-5.1.0.RELEASE.jar:/Users/jyotisaxena/.m2/repository/org/springframework/spring-core/5.1.0.RELEASE/spring-core-5.1.0.RELEASE.jar:/Users/jyotisaxena/.m2/repository/org/springframework/spring-jcl/5.1.0.RELEASE/spring-jcl-5.1.0.RELEASE.jar:/Users/jyotisaxena/.m2/repository/org/springframework/spring-expression/5.1.0.RELEASE/spring-expression-5.1.0.RELEASE.jar:/Users/jyotisaxena/.m2/repository/org/aspectj/aspectjweaver/1.9.1/aspectjweaver-1.9.1.jar:/Users/jyotisaxena/.m2/repository/com/helger/ph-css/6.1.1/ph-css-6.1.1.jar:/Users/jyotisaxena/.m2/repository/com/helger/ph-commons/9.0.2/ph-commons-9.0.2.jar:/Users/jyotisaxena/.m2/repository/javax/activation/activation/1.1.1/activation-1.1.1.jar:"/>
    <property name="sun.cpu.endian" value="little"/>
    <property name="user.home" value="/Users/jyotisaxena"/>
    <property name="user.language" value="en"/>
    <property name="java.specification.vendor" value="Oracle Corporation"/>
    <property name="java.version.date" value="2019-07-16"/>
    <property name="java.home" value="/Library/Java/JavaVirtualMachines/jdk-12.0.2.jdk/Contents/Home"/>
    <property name="file.separator" value="/"/>
    <property name="basedir" value="/Users/jyotisaxena/Documents/code/workspace/AppliHackathon/Hackathon"/>
    <property name="java.vm.compressedOopsMode" value="Zero based"/>
    <property name="line.separator" value="&#10;"/>
    <property name="java.specification.name" value="Java Platform API Specification"/>
    <property name="java.vm.specification.vendor" value="Oracle Corporation"/>
    <property name="java.awt.graphicsenv" value="sun.awt.CGraphicsEnvironment"/>
    <property name="surefire.real.class.path" value="/Users/jyotisaxena/Documents/code/workspace/AppliHackathon/Hackathon/target/surefire/surefirebooter10841494295295708518.jar"/>
    <property name="sun.management.compiler" value="HotSpot 64-Bit Tiered Compilers"/>
    <property name="ftp.nonProxyHosts" value="local|*.local|169.254/16|*.169.254/16"/>
    <property name="java.runtime.version" value="12.0.2+10"/>
    <property name="user.name" value="jyotisaxena"/>
    <property name="path.separator" value=":"/>
    <property name="os.version" value="10.14.6"/>
    <property name="java.runtime.name" value="Java(TM) SE Runtime Environment"/>
    <property name="file.encoding" value="UTF-8"/>
    <property name="java.vm.name" value="Java HotSpot(TM) 64-Bit Server VM"/>
    <property name="localRepository" value="/Users/jyotisaxena/.m2/repository"/>
    <property name="java.vendor.url.bug" value="https://bugreport.java.com/bugreport/"/>
    <property name="java.io.tmpdir" value="/var/folders/30/fc_n2ryn3dj7qlbgzm4328yr0000gn/T/"/>
    <property name="java.version" value="12.0.2"/>
    <property name="user.dir" value="/Users/jyotisaxena/Documents/code/workspace/AppliHackathon/Hackathon"/>
    <property name="os.arch" value="x86_64"/>
    <property name="java.vm.specification.name" value="Java Virtual Machine Specification"/>
    <property name="java.library.path" value="/Users/jyotisaxena/Library/Java/Extensions:/Library/Java/Extensions:/Network/Library/Java/Extensions:/System/Library/Java/Extensions:/usr/lib/java:."/>
    <property name="java.vm.info" value="mixed mode, sharing"/>
    <property name="java.vendor" value="Oracle Corporation"/>
    <property name="java.vm.version" value="12.0.2+10"/>
    <property name="sun.io.unicode.encoding" value="UnicodeBig"/>
    <property name="socksNonProxyHosts" value="local|*.local|169.254/16|*.169.254/16"/>
    <property name="java.class.version" value="56.0"/>
  </properties>
  <testcase name="loginPageUITest" classname="com.applitools.tests.VisualAITests" time="25.235"/>
  <testcase name="testEmptyPassword" classname="com.applitools.tests.VisualAITests" time="16.587">
    <failure message="Test &apos;Hackathon - Test invalid data-empty password&apos; of &apos;Demo App&apos; detected differences! See details at: https://eyes.applitools.com/app/batches/00000251827672211094/00000251827672190591?accountId=NFH5dQJut06Ao5rZIFCmsQ~~" type="com.applitools.eyes.exceptions.DiffsFoundException">com.applitools.eyes.exceptions.DiffsFoundException: Test 'Hackathon - Test invalid data-empty password' of 'Demo App' detected differences! See details at: https://eyes.applitools.com/app/batches/00000251827672211094/00000251827672190591?accountId=NFH5dQJut06Ao5rZIFCmsQ~~
	at com.applitools.tests.VisualAITests.testEmptyPassword(VisualAITests.java:129)
</failure>
  </testcase>
  <testcase name="testEmptyUsername" classname="com.applitools.tests.VisualAITests" time="20.845">
    <failure message="Test &apos;Hackathon - Test invalid data - blank username&apos; of &apos;Demo App&apos; detected differences! See details at: https://eyes.applitools.com/app/batches/00000251827672211094/00000251827672172755?accountId=NFH5dQJut06Ao5rZIFCmsQ~~" type="com.applitools.eyes.exceptions.DiffsFoundException">com.applitools.eyes.exceptions.DiffsFoundException: Test 'Hackathon - Test invalid data - blank username' of 'Demo App' detected differences! See details at: https://eyes.applitools.com/app/batches/00000251827672211094/00000251827672172755?accountId=NFH5dQJut06Ao5rZIFCmsQ~~
	at com.applitools.tests.VisualAITests.testEmptyUsername(VisualAITests.java:116)
</failure>
  </testcase>
  <testcase name="testInvalidPassword" classname="com.applitools.tests.VisualAITests" time="51.97">
    <failure message="Test &apos;Hackathon - Test invalid data - password&apos; of &apos;Demo App&apos; detected differences! See details at: https://eyes.applitools.com/app/batches/00000251827672211094/00000251827672152624?accountId=NFH5dQJut06Ao5rZIFCmsQ~~" type="com.applitools.eyes.exceptions.DiffsFoundException">com.applitools.eyes.exceptions.DiffsFoundException: Test 'Hackathon - Test invalid data - password' of 'Demo App' detected differences! See details at: https://eyes.applitools.com/app/batches/00000251827672211094/00000251827672152624?accountId=NFH5dQJut06Ao5rZIFCmsQ~~
	at com.applitools.tests.VisualAITests.testInvalidPassword(VisualAITests.java:102)
</failure>
  </testcase>
  <testcase name="testInvalidUserName" classname="com.applitools.tests.VisualAITests" time="1.76">
    <failure message="no such element: Unable to locate element: {&quot;method&quot;:&quot;css selector&quot;,&quot;selector&quot;:&quot;#username&quot;}&#10;  (Session info: chrome=78.0.3904.108)&#10;For documentation on this error, please visit: https://www.seleniumhq.org/exceptions/no_such_element.html&#10;Build info: version: &apos;3.141.59&apos;, revision: &apos;e82be7d358&apos;, time: &apos;2018-11-14T08:17:03&apos;&#10;System info: host: &apos;jyotis-MBP&apos;, ip: &apos;2a02:c7d:da53:7900:d9f9:add9:5e5d:df72%en0&apos;, os.name: &apos;Mac OS X&apos;, os.arch: &apos;x86_64&apos;, os.version: &apos;10.14.6&apos;, java.version: &apos;12.0.2&apos;&#10;Driver info: org.openqa.selenium.chrome.ChromeDriver&#10;Capabilities {acceptInsecureCerts: false, browserName: chrome, browserVersion: 78.0.3904.108, chrome: {chromedriverVersion: 77.0.3865.40 (f484704e052e0..., userDataDir: /var/folders/30/fc_n2ryn3dj...}, goog:chromeOptions: {debuggerAddress: localhost:61767}, javascriptEnabled: true, networkConnectionEnabled: false, pageLoadStrategy: normal, platform: MAC, platformName: MAC, proxy: Proxy(), setWindowRect: true, strictFileInteractability: false, timeouts: {implicit: 0, pageLoad: 300000, script: 30000}, unhandledPromptBehavior: dismiss and notify}&#10;Session ID: b086746c9b1293f068b3571205e7d948&#10;*** Element info: {Using=id, value=username}" type="org.openqa.selenium.NoSuchElementException">org.openqa.selenium.NoSuchElementException: 
no such element: Unable to locate element: {"method":"css selector","selector":"#username"}
  (Session info: chrome=78.0.3904.108)
For documentation on this error, please visit: https://www.seleniumhq.org/exceptions/no_such_element.html
Build info: version: '3.141.59', revision: 'e82be7d358', time: '2018-11-14T08:17:03'
System info: host: 'jyotis-MBP', ip: '2a02:c7d:da53:7900:d9f9:add9:5e5d:df72%en0', os.name: 'Mac OS X', os.arch: 'x86_64', os.version: '10.14.6', java.version: '12.0.2'
Driver info: org.openqa.selenium.chrome.ChromeDriver
Capabilities {acceptInsecureCerts: false, browserName: chrome, browserVersion: 78.0.3904.108, chrome: {chromedriverVersion: 77.0.3865.40 (f484704e052e0..., userDataDir: /var/folders/30/fc_n2ryn3dj...}, goog:chromeOptions: {debuggerAddress: localhost:61767}, javascriptEnabled: true, networkConnectionEnabled: false, pageLoadStrategy: normal, platform: MAC, platformName: MAC, proxy: Proxy(), setWindowRect: true, strictFileInteractability: false, timeouts: {implicit: 0, pageLoad: 300000, script: 30000}, unhandledPromptBehavior: dismiss and notify}
Session ID: b086746c9b1293f068b3571205e7d948
*** Element info: {Using=id, value=username}
	at com.applitools.tests.VisualAITests.testInvalidUserName(VisualAITests.java:85)
</failure>
  </testcase>
  <testcase name="loginAndSortTableByAmount" classname="com.applitools.tests.VisualAITests" time="33.573"/>
  <testcase name="testExpenseChart" classname="com.applitools.tests.VisualAITests" time="29.458"/>
  <testcase name="testDynamicContent" classname="com.applitools.tests.VisualAITests" time="29.224"/>
  <testcase name="afterAllTests" classname="com.applitools.tests.VisualAITests" time="29.461">
    <failure message="Client instance has been closed." type="java.lang.IllegalStateException">java.lang.IllegalStateException: Client instance has been closed.
	at com.applitools.tests.VisualAITests.afterAllTests(VisualAITests.java:178)
</failure>
  </testcase>
</testsuite>